  VisualizeMain.cpp
C:\Users\zhangziqian\OneDrive - musicminion\2021-2022-1\2021-2022-1 Problem Solution and Practice\Assignment\Final Work\File Submit\Project 3.0\Graph.h(50,14): warning C4305: “初始化”: 从“Graph_lib::Color::Transparency”到“char”截断
C:\Users\zhangziqian\OneDrive - musicminion\2021-2022-1\2021-2022-1 Problem Solution and Practice\Assignment\Final Work\File Submit\Project 3.0\Graph.h(50,50): warning C4309: “初始化”: 截断常量值
C:\Users\zhangziqian\OneDrive - musicminion\2021-2022-1\2021-2022-1 Problem Solution and Practice\Assignment\Final Work\File Submit\Project 3.0\Graph.h(52,14): warning C4305: “初始化”: 从“Graph_lib::Color::Transparency”到“char”截断
C:\Users\zhangziqian\OneDrive - musicminion\2021-2022-1\2021-2022-1 Problem Solution and Practice\Assignment\Final Work\File Submit\Project 3.0\Graph.h(52,43): warning C4309: “初始化”: 截断常量值
C:\Users\zhangziqian\OneDrive - musicminion\2021-2022-1\2021-2022-1 Problem Solution and Practice\Assignment\Final Work\File Submit\Project 3.0\GUI.h(129,40): warning C4018: “<”: 有符号/无符号不匹配
C:\Users\zhangziqian\OneDrive - musicminion\2021-2022-1\2021-2022-1 Problem Solution and Practice\Assignment\Final Work\File Submit\Project 3.0\GUI.h(134,40): warning C4018: “<”: 有符号/无符号不匹配
C:\Users\zhangziqian\OneDrive - musicminion\2021-2022-1\2021-2022-1 Problem Solution and Practice\Assignment\Final Work\File Submit\Project 3.0\GUI.h(139,40): warning C4018: “<”: 有符号/无符号不匹配
C:\Users\zhangziqian\OneDrive - musicminion\2021-2022-1\2021-2022-1 Problem Solution and Practice\Assignment\Final Work\File Submit\Project 3.0\MatchingButton.h(57,1): warning C4102: “Fl”: 未引用的标签
C:\Users\zhangziqian\OneDrive - musicminion\2021-2022-1\2021-2022-1 Problem Solution and Practice\Assignment\Final Work\File Submit\Project 3.0\VisualizeMain.cpp(490,21): warning C4018: “<”: 有符号/无符号不匹配
C:\Users\zhangziqian\OneDrive - musicminion\2021-2022-1\2021-2022-1 Problem Solution and Practice\Assignment\Final Work\File Submit\Project 3.0\VisualizeMain.cpp(508,20): warning C4018: “<”: 有符号/无符号不匹配
C:\Users\zhangziqian\OneDrive - musicminion\2021-2022-1\2021-2022-1 Problem Solution and Practice\Assignment\Final Work\File Submit\Project 3.0\VisualizeMain.cpp(550,20): warning C4018: “<”: 有符号/无符号不匹配
C:\Users\zhangziqian\OneDrive - musicminion\2021-2022-1\2021-2022-1 Problem Solution and Practice\Assignment\Final Work\File Submit\Project 3.0\VisualizeMain.cpp(678,21): warning C4018: “<”: 有符号/无符号不匹配
C:\Users\zhangziqian\OneDrive - musicminion\2021-2022-1\2021-2022-1 Problem Solution and Practice\Assignment\Final Work\File Submit\Project 3.0\VisualizeMain.cpp(686,22): warning C4018: “<”: 有符号/无符号不匹配
C:\Users\zhangziqian\OneDrive - musicminion\2021-2022-1\2021-2022-1 Problem Solution and Practice\Assignment\Final Work\File Submit\Project 3.0\VisualizeMain.cpp(751,21): warning C4018: “<”: 有符号/无符号不匹配
C:\Users\zhangziqian\OneDrive - musicminion\2021-2022-1\2021-2022-1 Problem Solution and Practice\Assignment\Final Work\File Submit\Project 3.0\VisualizeMain.cpp(759,22): warning C4018: “<”: 有符号/无符号不匹配
C:\Users\zhangziqian\OneDrive - musicminion\2021-2022-1\2021-2022-1 Problem Solution and Practice\Assignment\Final Work\File Submit\Project 3.0\VisualizeMain.cpp(836,23): warning C4018: “<”: 有符号/无符号不匹配
C:\Users\zhangziqian\OneDrive - musicminion\2021-2022-1\2021-2022-1 Problem Solution and Practice\Assignment\Final Work\File Submit\Project 3.0\VisualizeMain.cpp(877,23): warning C4018: “<”: 有符号/无符号不匹配
C:\Users\zhangziqian\OneDrive - musicminion\2021-2022-1\2021-2022-1 Problem Solution and Practice\Assignment\Final Work\File Submit\Project 3.0\VisualizeMain.cpp(913,22): warning C4018: “<”: 有符号/无符号不匹配
C:\Users\zhangziqian\OneDrive - musicminion\2021-2022-1\2021-2022-1 Problem Solution and Practice\Assignment\Final Work\File Submit\Project 3.0\VisualizeMain.cpp(941,23): warning C4018: “<”: 有符号/无符号不匹配
C:\Users\zhangziqian\OneDrive - musicminion\2021-2022-1\2021-2022-1 Problem Solution and Practice\Assignment\Final Work\File Submit\Project 3.0\VisualizeMain.cpp(960,24): warning C4018: “<”: 有符号/无符号不匹配
C:\Users\zhangziqian\OneDrive - musicminion\2021-2022-1\2021-2022-1 Problem Solution and Practice\Assignment\Final Work\File Submit\Project 3.0\VisualizeMain.cpp(999,23): warning C4018: “<”: 有符号/无符号不匹配
C:\Users\zhangziqian\OneDrive - musicminion\2021-2022-1\2021-2022-1 Problem Solution and Practice\Assignment\Final Work\File Submit\Project 3.0\VisualizeMain.cpp(1039,22): warning C4018: “<”: 有符号/无符号不匹配
C:\Users\zhangziqian\OneDrive - musicminion\2021-2022-1\2021-2022-1 Problem Solution and Practice\Assignment\Final Work\File Submit\Project 3.0\VisualizeMain.cpp(1072,23): warning C4018: “<”: 有符号/无符号不匹配
C:\Users\zhangziqian\OneDrive - musicminion\2021-2022-1\2021-2022-1 Problem Solution and Practice\Assignment\Final Work\File Submit\Project 3.0\VisualizeMain.cpp(1089,24): warning C4018: “<”: 有符号/无符号不匹配
C:\Users\zhangziqian\OneDrive - musicminion\2021-2022-1\2021-2022-1 Problem Solution and Practice\Assignment\Final Work\File Submit\Project 3.0\VisualizeMain.cpp(1123,23): warning C4018: “<”: 有符号/无符号不匹配
C:\Users\zhangziqian\OneDrive - musicminion\2021-2022-1\2021-2022-1 Problem Solution and Practice\Assignment\Final Work\File Submit\Project 3.0\VisualizeMain.cpp(1162,21): warning C4018: “<”: 有符号/无符号不匹配
C:\Users\zhangziqian\OneDrive - musicminion\2021-2022-1\2021-2022-1 Problem Solution and Practice\Assignment\Final Work\File Submit\Project 3.0\VisualizeMain.cpp(1182,21): warning C4018: “<”: 有符号/无符号不匹配
C:\Users\zhangziqian\OneDrive - musicminion\2021-2022-1\2021-2022-1 Problem Solution and Practice\Assignment\Final Work\File Submit\Project 3.0\VisualizeMain.cpp(1208,23): warning C4018: “<”: 有符号/无符号不匹配
C:\Users\zhangziqian\OneDrive - musicminion\2021-2022-1\2021-2022-1 Problem Solution and Practice\Assignment\Final Work\File Submit\Project 3.0\VisualizeMain.cpp(1216,23): warning C4018: “<”: 有符号/无符号不匹配
C:\Users\zhangziqian\OneDrive - musicminion\2021-2022-1\2021-2022-1 Problem Solution and Practice\Assignment\Final Work\File Submit\Project 3.0\VisualizeMain.cpp(1249,23): warning C4018: “<”: 有符号/无符号不匹配
C:\Users\zhangziqian\OneDrive - musicminion\2021-2022-1\2021-2022-1 Problem Solution and Practice\Assignment\Final Work\File Submit\Project 3.0\VisualizeMain.cpp(1257,23): warning C4018: “<”: 有符号/无符号不匹配
C:\Users\zhangziqian\OneDrive - musicminion\2021-2022-1\2021-2022-1 Problem Solution and Practice\Assignment\Final Work\File Submit\Project 3.0\VisualizeMain.cpp(1302,21): warning C4018: “<”: 有符号/无符号不匹配
C:\Users\zhangziqian\OneDrive - musicminion\2021-2022-1\2021-2022-1 Problem Solution and Practice\Assignment\Final Work\File Submit\Project 3.0\VisualizeMain.cpp(1309,21): warning C4018: “<”: 有符号/无符号不匹配
C:\Users\zhangziqian\OneDrive - musicminion\2021-2022-1\2021-2022-1 Problem Solution and Practice\Assignment\Final Work\File Submit\Project 3.0\VisualizeMain.cpp(1314,18): warning C4018: “<”: 有符号/无符号不匹配
C:\Users\zhangziqian\OneDrive - musicminion\2021-2022-1\2021-2022-1 Problem Solution and Practice\Assignment\Final Work\File Submit\Project 3.0\VisualizeMain.cpp(1444,20): warning C4018: “<”: 有符号/无符号不匹配
C:\Users\zhangziqian\OneDrive - musicminion\2021-2022-1\2021-2022-1 Problem Solution and Practice\Assignment\Final Work\File Submit\Project 3.0\VisualizeMain.cpp(1490,20): warning C4018: “<”: 有符号/无符号不匹配
C:\Users\zhangziqian\OneDrive - musicminion\2021-2022-1\2021-2022-1 Problem Solution and Practice\Assignment\Final Work\File Submit\Project 3.0\VisualizeMain.cpp(1576,22): warning C4018: “<”: 有符号/无符号不匹配
C:\Users\zhangziqian\OneDrive - musicminion\2021-2022-1\2021-2022-1 Problem Solution and Practice\Assignment\Final Work\File Submit\Project 3.0\VisualizeMain.cpp(1587,20): warning C4244: “初始化”: 从“double”转换到“int”，可能丢失数据
C:\Users\zhangziqian\OneDrive - musicminion\2021-2022-1\2021-2022-1 Problem Solution and Practice\Assignment\Final Work\File Submit\Project 3.0\VisualizeMain.cpp(1588,20): warning C4244: “初始化”: 从“double”转换到“int”，可能丢失数据
C:\Users\zhangziqian\OneDrive - musicminion\2021-2022-1\2021-2022-1 Problem Solution and Practice\Assignment\Final Work\File Submit\Project 3.0\VisualizeMain.cpp(1589,17): warning C4244: “初始化”: 从“double”转换到“int”，可能丢失数据
C:\Users\zhangziqian\OneDrive - musicminion\2021-2022-1\2021-2022-1 Problem Solution and Practice\Assignment\Final Work\File Submit\Project 3.0\VisualizeMain.cpp(1590,17): warning C4244: “初始化”: 从“double”转换到“int”，可能丢失数据
C:\Users\zhangziqian\OneDrive - musicminion\2021-2022-1\2021-2022-1 Problem Solution and Practice\Assignment\Final Work\File Submit\Project 3.0\VisualizeMain.cpp(1640,22): warning C4018: “<”: 有符号/无符号不匹配
C:\Users\zhangziqian\OneDrive - musicminion\2021-2022-1\2021-2022-1 Problem Solution and Practice\Assignment\Final Work\File Submit\Project 3.0\VisualizeMain.cpp(1651,20): warning C4244: “初始化”: 从“double”转换到“int”，可能丢失数据
C:\Users\zhangziqian\OneDrive - musicminion\2021-2022-1\2021-2022-1 Problem Solution and Practice\Assignment\Final Work\File Submit\Project 3.0\VisualizeMain.cpp(1652,20): warning C4244: “初始化”: 从“double”转换到“int”，可能丢失数据
C:\Users\zhangziqian\OneDrive - musicminion\2021-2022-1\2021-2022-1 Problem Solution and Practice\Assignment\Final Work\File Submit\Project 3.0\VisualizeMain.cpp(1653,17): warning C4244: “初始化”: 从“double”转换到“int”，可能丢失数据
C:\Users\zhangziqian\OneDrive - musicminion\2021-2022-1\2021-2022-1 Problem Solution and Practice\Assignment\Final Work\File Submit\Project 3.0\VisualizeMain.cpp(1654,17): warning C4244: “初始化”: 从“double”转换到“int”，可能丢失数据
C:\Users\zhangziqian\OneDrive - musicminion\2021-2022-1\2021-2022-1 Problem Solution and Practice\Assignment\Final Work\File Submit\Project 3.0\VisualizeMain.cpp(1679,20): warning C4018: “<”: 有符号/无符号不匹配
C:\Users\zhangziqian\OneDrive - musicminion\2021-2022-1\2021-2022-1 Problem Solution and Practice\Assignment\Final Work\File Submit\Project 3.0\VisualizeMain.cpp(1710,20): warning C4018: “<”: 有符号/无符号不匹配
C:\Users\zhangziqian\OneDrive - musicminion\2021-2022-1\2021-2022-1 Problem Solution and Practice\Assignment\Final Work\File Submit\Project 3.0\Graph.h(136,43): warning C4018: “<”: 有符号/无符号不匹配
C:\Users\zhangziqian\OneDrive - musicminion\2021-2022-1\2021-2022-1 Problem Solution and Practice\Assignment\Final Work\File Submit\Project 3.0\Graph.h(136): message : 在编译 类 模板 成员函数“Graph_lib::Vector_ref<Graph_lib::Text>::~Vector_ref(void)”时
C:\Users\zhangziqian\OneDrive - musicminion\2021-2022-1\2021-2022-1 Problem Solution and Practice\Assignment\Final Work\File Submit\Project 3.0\VisualizeMain.cpp(44): message : 查看对正在编译的函数 模板 实例化“Graph_lib::Vector_ref<Graph_lib::Text>::~Vector_ref(void)”的引用
C:\Users\zhangziqian\OneDrive - musicminion\2021-2022-1\2021-2022-1 Problem Solution and Practice\Assignment\Final Work\File Submit\Project 3.0\VisualizeMain.h(221): message : 查看对正在编译的 类 模板 实例化“Graph_lib::Vector_ref<Graph_lib::Text>”的引用
C:\Users\zhangziqian\OneDrive - musicminion\2021-2022-1\2021-2022-1 Problem Solution and Practice\Assignment\Final Work\File Submit\Project 3.0\VisualizeMain.cpp(1357): warning C4715: “VisualizeMain::if_isomorphism”: 不是所有的控件路径都返回值
  Project1.vcxproj -> C:\Users\zhangziqian\OneDrive - musicminion\2021-2022-1\2021-2022-1 Problem Solution and Practice\Assignment\Final Work\File Submit\Project 3.0\Debug\Project1.exe
