  AnalogClock.cpp
C:\Users\zhangziqian\OneDrive - musicminion\2021-2022-1\2021-2022-1 Problem Solution and Practice\fltk-1.3.8\FL\x.H(37,14): fatal error C1083: 无法打开包括文件: “X11/Xlib.h”: No such file or directory
  Graph.cpp
C:\Users\zhangziqian\OneDrive - musicminion\2021-2022-1\2021-2022-1 Problem Solution and Practice\fltk-1.3.8\FL\x.H(37,14): fatal error C1083: 无法打开包括文件: “X11/Xlib.h”: No such file or directory
  GUI.cpp
C:\Users\zhangziqian\OneDrive - musicminion\2021-2022-1\2021-2022-1 Problem Solution and Practice\fltk-1.3.8\FL\x.H(37,14): fatal error C1083: 无法打开包括文件: “X11/Xlib.h”: No such file or directory
  main.cpp
C:\Users\zhangziqian\OneDrive - musicminion\2021-2022-1\2021-2022-1 Problem Solution and Practice\fltk-1.3.8\FL\x.H(37,14): fatal error C1083: 无法打开包括文件: “X11/Xlib.h”: No such file or directory
  MatchingButton.cpp
C:\Users\zhangziqian\OneDrive - musicminion\2021-2022-1\2021-2022-1 Problem Solution and Practice\fltk-1.3.8\FL\x.H(37,14): fatal error C1083: 无法打开包括文件: “X11/Xlib.h”: No such file or directory
  Simple_window.cpp
C:\Users\zhangziqian\OneDrive - musicminion\2021-2022-1\2021-2022-1 Problem Solution and Practice\fltk-1.3.8\FL\x.H(37,14): fatal error C1083: 无法打开包括文件: “X11/Xlib.h”: No such file or directory
  TreeVisualize.cpp
C:\Users\zhangziqian\OneDrive - musicminion\2021-2022-1\2021-2022-1 Problem Solution and Practice\fltk-1.3.8\FL\x.H(37,14): fatal error C1083: 无法打开包括文件: “X11/Xlib.h”: No such file or directory
  VisualizeMain.cpp
C:\Users\zhangziqian\OneDrive - musicminion\2021-2022-1\2021-2022-1 Problem Solution and Practice\fltk-1.3.8\FL\x.H(37,14): fatal error C1083: 无法打开包括文件: “X11/Xlib.h”: No such file or directory
  WelcomeWin.cpp
C:\Users\zhangziqian\OneDrive - musicminion\2021-2022-1\2021-2022-1 Problem Solution and Practice\fltk-1.3.8\FL\x.H(37,14): fatal error C1083: 无法打开包括文件: “X11/Xlib.h”: No such file or directory
  Window.cpp
C:\Users\zhangziqian\OneDrive - musicminion\2021-2022-1\2021-2022-1 Problem Solution and Practice\fltk-1.3.8\FL\x.H(37,14): fatal error C1083: 无法打开包括文件: “X11/Xlib.h”: No such file or directory
  正在生成代码...
